<?xml version="1.0" encoding="UTF-8"?>
<testng-results ignored="0" total="1" passed="1" failed="0" skipped="0">
  <reporter-output>
  </reporter-output>
  <suite started-at="2021-04-11T21:22:34 IST" name="Default suite" finished-at="2021-04-11T21:22:43 IST" duration-ms="9479">
    <groups>
    </groups>
    <test started-at="2021-04-11T21:22:34 IST" name="Default test" finished-at="2021-04-11T21:22:43 IST" duration-ms="9479">
      <class name="com.test.specbuilders.ReqRespSpecBuildersTest">
        <test-method signature="verifyReqAndRespSpecBuilders()[pri:0, instance:com.test.specbuilders.ReqRespSpecBuildersTest@4f2b503c]" started-at="2021-04-11T21:22:34 IST" name="verifyReqAndRespSpecBuilders" finished-at="2021-04-11T21:22:43 IST" duration-ms="9404" status="PASS">
          <reporter-output>
          </reporter-output>
        </test-method> <!-- verifyReqAndRespSpecBuilders -->
      </class> <!-- com.test.specbuilders.ReqRespSpecBuildersTest -->
    </test> <!-- Default test -->
  </suite> <!-- Default suite -->
</testng-results>
